Output file name set to y4F4.log

ID'd lines file selected: CrII.CS

Upper level: a3F4p_y4F4*
Output file name set to y4F4.log

ID'd lines file selected: CrII.CS

Upper level: a3F4p_y4F4*
Lifetime of upper level: 2.9 ns

Identified transitions from upper level a3F4p_y4F4*:
--------------------------------------------------------------------------------------
| Wavenumber | L Energy   | U Energy   | L Conf      | U Conf      | Notes           |
--------------------------------------------------------------------------------------
|  47424.530 |  20024.010 |  67448.540 |  5D4s__a4D3 | a3F4p_y4F4* | 68              |
|  46936.445 |  20512.100 |  67448.540 |  d5____a4G5 | a3F4p_y4F4* | 260             |
|  46929.270 |  20519.270 |  67448.540 |  d5____a4G4 | a3F4p_y4F4* | 110             |
|  42414.880 |  25033.670 |  67448.540 |  d5____b4D3 | a3F4p_y4F4* | 4               |
|  37150.050 |  30298.470 |  67448.540 |  3H4s__a4H5 | a3F4p_y4F4* | 46              |
|  36279.966 |  31168.580 |  67448.540 |  3F4s__a4F3 | a3F4p_y4F4* | 43              |
|  36229.208 |  31219.330 |  67448.540 |  3F4s__a4F4 | a3F4p_y4F4* | 440             |
|  34594.292 |  32854.250 |  67448.540 |  d5____b4F4 | a3F4p_y4F4* | 180             |
|  33829.612 |  33618.940 |  67448.540 |  3G4s__b4G4 | a3F4p_y4F4* | 13              |
|  29178.962 |  38269.570 |  67448.540 |  3D4s__c4D3 | a3F4p_y4F4* | 12              |
--------------------------------------------------------------------------------------

SNRs and intensities of observed transitions from upper level a3F4p_y4F4*:
---------------------------------------------------------------------------------
| File Name:              | Cr110600.03.II  | Cr120800.01.II  | Cr042416.05.II  | 
---------------------------------------------------------------------------------
| Wavenumber | L Level    | SNR | Intensity | SNR | Intensity | SNR | Intensity | 
---------------------------------------------------------------------------------
|  47424.530 | 5D4s__a4D3 |  58 |     15050 | --- | --------- |   5 |      3438 | 
|  46936.445 | d5____a4G5 | 223 |     54780 | --- | --------- |  20 |     10810 | 
|  46929.270 | d5____a4G4 | 102 |     26090 | --- | --------- |   8 |      4247 | 
|  42414.880 | d5____b4D3 | --- | --------- |   9 |      5301 | --- | --------- | 
|  37150.050 | 3H4s__a4H5 |  45 |     19380 |  99 |     88866 |  13 |      3826 | 
|  36279.966 | 3F4s__a4F3 |  29 |     13810 |  61 |     81322 |  13 |      2928 | 
|  36229.208 | 3F4s__a4F4 | 306 |    150400 | 652 |    852025 | 121 |     30390 | 
|  34594.292 | d5____b4F4 |  46 |     56280 |  94 |    323022 |  46 |     11320 | 
|  33829.612 | 3G4s__b4G4 | --- | --------- |   5 |     20995 | --- | --------- | 
---------------------------------------------------------------------------------

Normalizing each spectrum with respect to level 3F4s__a4F4 = 1000.

SNRs and intensities of observed transitions from upper level a3F4p_y4F4*:
---------------------------------------------------------------------------------
| File Name:              | Cr110600.03.II  | Cr120800.01.II  | Cr042416.05.II  | 
---------------------------------------------------------------------------------
| Wavenumber | L Level    | SNR | Intensity | SNR | Intensity | SNR | Intensity | 
---------------------------------------------------------------------------------
|  47424.530 | 5D4s__a4D3 |  58 |       100 | --- | --------- |   5 |       113 | 
|  46936.445 | d5____a4G5 | 223 |       364 | --- | --------- |  20 |       356 | 
|  46929.270 | d5____a4G4 | 102 |       173 | --- | --------- |   8 |       140 | 
|  42414.880 | d5____b4D3 | --- | --------- |   9 |         6 | --- | --------- | 
|  37150.050 | 3H4s__a4H5 |  45 |       129 |  99 |       104 |  13 |       126 | 
|  36279.966 | 3F4s__a4F3 |  29 |        92 |  61 |        95 |  13 |        96 | 
|  36229.208 | 3F4s__a4F4 | 306 |      1000 | 652 |      1000 | 121 |      1000 | 
|  34594.292 | d5____b4F4 |  46 |       374 |  94 |       379 |  46 |       372 | 
|  33829.612 | 3G4s__b4G4 | --- | --------- |   5 |        25 | --- | --------- | 
---------------------------------------------------------------------------------

Residuals:
  277.3200 |  0.0000
 4759.6200 |  0.0000
 7878.4700 |  0.0004
12560.6000 |  0.0010
12580.9600 |  0.0548
13525.5600 |  0.0475
13882.2900 |  0.0178
15127.5600 |  0.0111
15150.7600 |  0.0002
16781.3300 |  0.0014
27220.2400 |  0.0005
27571.5000 |  0.0335
27624.1900 |  0.0007
27764.8200 |  0.0199
28885.5600 |  0.0571
28939.6400 |  0.0002
29178.9800 |  1.1142
31176.0300 |  0.0268
31346.9900 |  0.0013
31741.0800 |  0.3286
31838.2200 |  0.0268
31841.0700 |  0.0018
32635.6200 |  1.5749
32817.6200 |  0.0521
33754.4200 |  6.1358
33927.4600 |  0.1110
34611.8900 |  1.0018
35092.8900 |  0.3414
37229.7600 |  0.3841
37291.7800 |  0.0056
37305.2700 |  0.0302
46930.7400 |  1.3553
54952.1300 |  0.0003
55144.7100 |  0.0052
------------------------------------------------------------------------------------------------------------

Summary:
Level = a3F4p_y4F4*, Lifetime = 2.9 ns, residual =,  3.696 %
------------------------------------------------------------------------------------------------------------
| Wavenumber | L Level    | Weight | B. Fraction | Uncertainty | Trans. Prob. | Uncertainty |  Theoretical |
------------------------------------------------------------------------------------------------------------
|  47424.530 | 5D4s__a4D3 |    628 |      4.359% |        4.4% |       15.032 |         11% |       18.453 |
|  46936.445 | d5____a4G5 |   1110 |     15.447% |        3.4% |       53.266 |         11% |       64.692 |
|  46929.270 | d5____a4G4 |    711 |      7.126% |        4.1% |       24.573 |         11% |       22.192 |
|  42414.880 | d5____b4D3 |     87 |      0.267% |       10.9% |        0.921 |         15% |        0.857 |
|  37150.050 | 3H4s__a4H5 |   1560 |      5.118% |        3.3% |       17.648 |         11% |       11.049 |
|  36279.966 | 3F4s__a4F3 |   1442 |      4.045% |        3.4% |       13.948 |         11% |       15.369 |
|  36229.208 | 3F4s__a4F4 |   1665 |     42.912% |        2.4% |      147.973 |         10% |      145.290 |
|  34594.292 | d5____b4F4 |   1665 |     16.104% |        3.0% |       55.530 |         10% |       52.033 |
|  33829.612 | 3G4s__b4G4 |     16 |      1.057% |       25.0% |        3.646 |         27% |        3.948 |
------------------------------------------------------------------------------------------------------------

